<?xml version="1.0" encoding="UTF-8" ?>
<testsuite tests="8" failures="0" name="CucumberTest" time="2.815" errors="0" skipped="0">
  <properties>
[...]
</properties>
  <testcase classname="Client updates client information" name="The client updates an information that can be changed" time="2.401"/>
  <testcase classname="Company find client" name="The company uses the criteria from an existing client without filter" time="0.106"/>
  <testcase classname="Company find client" name="The company uses criteria that do not exist, without filter" time="0.044"/>
  <testcase classname="Company find client" name="The company uses the criteria from an existing client with a filter" time="0.071"/>
  <testcase classname="Company registers new clients" name="The company gives all information about the client" time="0.041"/>
  <testcase classname="Company registers new clients" name="The company does not give all information about the client" time="0.039"/>
  <testcase classname="Company registers new clients" name="The company does not give the name of the client" time="0.085"/>
  <testcase classname="Company registers new clients" name="The company registers an already registered client" time="0.028"/>
</testsuite>