<?xml version="1.0" encoding="UTF-8" ?>
<testsuite tests="30" failures="0" name="CucumberTest" time="0.509" errors="0" skipped="0">
  <properties>
[...]
</properties>
  <testcase classname="Client Find Journey" name="The client uses the criteria from an existing journey without filter" time="0.283"/>
  <testcase classname="Client Find Journey" name="The client uses criteria that do not exist, without filter" time="0.029"/>
  <testcase classname="Client Find Journey" name="The client uses the criteria from an existing journey with a filter" time="0.011"/>
  <testcase classname="User registers containers" name="The client does not give all of the container&apos;s journey" time="0.009"/>
  <testcase classname="User registers containers" name="The client gives all information about the container&apos;s journey, chooses a container that is availble at the port of origin." time="0.008"/>
  <testcase classname="User registers containers" name="The client gives all information about the container&apos;s journey, chooses a new container when there is availble ones at the port of origin." time="0.006"/>
  <testcase classname="User registers containers" name="The client gives all information about the container&apos;s journey, chooses a new container when there is no availble ones at the port of origin." time="0.006"/>
  <testcase classname="Retrieve measurements about the container internal status" name="Retrieve measurements from the system" time="0.006"/>
  <testcase classname="Client updates client information" name="The client updates an information that can be changed" time="0.015"/>
  <testcase classname="Company find client" name="The company uses the criteria from an existing client without filter" time="0.007"/>
  <testcase classname="Company find client" name="The company uses criteria that do not exist, without filter" time="0.009"/>
  <testcase classname="Company find client" name="The company uses the criteria from an existing client with a filter" time="0.008"/>
  <testcase classname="Company registers new clients" name="The company gives all information about the client" time="0.009"/>
  <testcase classname="Company registers new clients" name="The company does not give all information about the client" time="0.008"/>
  <testcase classname="Company registers new clients" name="The company does not give the name of the client" time="0.007"/>
  <testcase classname="Company registers new clients" name="The company registers an already registered client" time="0.009"/>
  <testcase classname="Add measurements about the container’s internal status" name="Update measurements about the container’s internal status" time="0.004"/>
  <testcase classname="Company updates journey information" name="The company updates the current position" time="0.004"/>
  <testcase classname="Company updates journey information" name="The company updates the current position" time="0.005"/>
  <testcase classname="Loggin in the application" name="Company succesfull first log-in" time="0.005"/>
  <testcase classname="Loggin in the application" name="Company succesfull regular log-in" time="0.004"/>
  <testcase classname="Loggin in the application" name="Company not log-in (wrong password)" time="0.004"/>
  <testcase classname="Loggin in the application" name="Company not succesfull log-in (wrong username)" time="0.004"/>
  <testcase classname="Loggin in the application" name="Client succesfull log-in (name)" time="0.012"/>
  <testcase classname="Loggin in the application" name="Client not succesfull log-in (wrong password)" time="0.005"/>
  <testcase classname="Loggin in the application" name="Client not succesfull log-in (wrong name)" time="0.011"/>
  <testcase classname="Retrieve info about each container" name="Retrieve data about the internal status" time="0.006"/>
  <testcase classname="Retrieve info about each container" name="Retrieve data from the journey evolution" time="0.005"/>
  <testcase classname="Track each container" name="Tracking the internal status" time="0.004"/>
  <testcase classname="Track each container" name="Tracking the journey" time="0.006"/>
</testsuite>