<?xml version="1.0" encoding="UTF-8" ?>
<testsuite tests="7" failures="0" name="pro.CucumberTest" time="0.579" errors="0" skipped="7">
  <properties>
[...]
</properties>
  <testcase classname="Client Find Journey" name="The company uses the criteria from an existing client without filter" time="0.523">
    <skipped/>
    <system-err>Apr 20, 2020 2:20:04 PM io.cucumber.junit.Cucumber &lt;init&gt;
WARNING: By default Cucumber is running in --non-strict mode.
This default will change to --strict and --non-strict will be removed.
You can use --strict or @CucumberOptions(strict = true) to suppress this warning
</system-err>
  </testcase>
  <testcase classname="User registers containers" name="The user gives all information about the container&apos;s journey." time="0.016">
    <skipped/>
  </testcase>
  <testcase classname="User registers containers" name="The client does not give the content of the container&apos;s journey" time="0.014">
    <skipped/>
  </testcase>
  <testcase classname="Company updates journey information" name="The company updates an information that can be changed" time="0.009">
    <skipped/>
  </testcase>
  <testcase classname="Title of your feature" name="Title of your scenario" time="0.008">
    <skipped/>
  </testcase>
  <testcase classname="Title of your feature" name="Title of your scenario outline" time="0.005">
    <skipped/>
  </testcase>
  <testcase classname="Title of your feature" name="Title of your scenario outline" time="0.004">
    <skipped/>
  </testcase>
</testsuite>